<html>
<head>
<title>TestNG:  Default test</title>
<link href="../testng.css" rel="stylesheet" type="text/css" />
<link href="../my-testng.css" rel="stylesheet" type="text/css" />

<style type="text/css">
.log { display: none;} 
.stack-trace { display: none;} 
</style>
<script type="text/javascript">
<!--
function flip(e) {
  current = e.style.display;
  if (current == 'block') {
    e.style.display = 'none';
    return 0;
  }
  else {
    e.style.display = 'block';
    return 1;
  }
}

function toggleBox(szDivId, elem, msg1, msg2)
{
  var res = -1;  if (document.getElementById) {
    res = flip(document.getElementById(szDivId));
  }
  else if (document.all) {
    // this is the way old msie versions work
    res = flip(document.all[szDivId]);
  }
  if(elem) {
    if(res == 0) elem.innerHTML = msg1; else elem.innerHTML = msg2;
  }

}

function toggleAllBoxes() {
  if (document.getElementsByTagName) {
    d = document.getElementsByTagName('div');
    for (i = 0; i < d.length; i++) {
      if (d[i].className == 'log') {
        flip(d[i]);
      }
    }
  }
}

// -->
</script>

</head>
<body>
<h2 align='center'>Default test</h2><table border='1' align="center">
<tr>
<td>Tests passed/Failed/Skipped:</td><td>0/2/0</td>
</tr><tr>
<<<<<<< HEAD
<td>Started on:</td><td>Thu Sep 01 20:20:24 IST 2022</td>
</tr>
<tr><td>Total time:</td><td>79 seconds (79261 ms)</td>
=======
<td>Started on:</td><td>Thu Sep 01 16:44:04 IST 2022</td>
</tr>
<tr><td>Total time:</td><td>154 seconds (154600 ms)</td>
>>>>>>> b919795a66c20e6d87a3a7732d06e87b45586ef7
</tr><tr>
<td>Included groups:</td><td></td>
</tr><tr>
<td>Excluded groups:</td><td></td>
</tr>
</table><p/>
<small><i>(Hover the method name to see the test class name)</i></small><p/>
<table width='100%' border='1' class='invocation-failed'>
<tr><td colspan='4' align='center'><b>FAILED TESTS</b></td></tr>
<tr><td><b>Test method</b></td>
<td width="30%"><b>Exception</b></td>
<td width="10%"><b>Time (seconds)</b></td>
<td><b>Instance</b></td>
</tr>
<tr>
<<<<<<< HEAD
<td title='testlogic.BaseTestNG.BaseTestNGExecutor()'><b>BaseTestNGExecutor</b><br>Test class: testlogic.BaseTestNG<br>Parameters: [{RowNumber=505, Description=TC74_Supplier Score_Chart_Check if the X axis months are sorted in ascending order, CallSequence=login, TestCaseID=SupplierInsight_TC74, Iteration=Iteration1, DataSheet=SupplierInsight_TestData, SuiteFileName=C:\Users\1034567\Documents\PowerBI_UIAutomation\test-data\ExecutionController.xlsx}, {RowNumber=506, Description=TC74_Supplier Score_Chart_Check if the X axis months are sorted in ascending order, CallSequence=gotoSupplierScore_Suppplier, TestCaseID=SupplierInsight_TC74, Iteration=Iteration1, DataSheet=SupplierInsight_TestData, SuiteFileName=C:\Users\1034567\Documents\PowerBI_UIAutomation\test-data\ExecutionController.xlsx}, {RowNumber=507, Description=TC74_Supplier Score_Chart_Check if the X axis months are sorted in ascending order, CallSequence=validateChartHasAscendingMonths_Suppplier, TestCaseID=SupplierInsight_TC74, Iteration=Iteration1, DataSheet=SupplierInsight_TestData, SuiteFileName=C:\Users\1034567\Documents\PowerBI_UIAutomation\test-data\ExecutionController.xlsx}]</td>
<td></td>
<td>31</td>
<td>[BaseTestNG passed=0 failed=0 skipped=0]</td></tr>
<tr>
<td title='testlogic.BaseTestNG.BaseTestNGExecutor()'><b>BaseTestNGExecutor</b><br>Test class: testlogic.BaseTestNG<br>Parameters: [{RowNumber=556, Description=TC85_Supplier Score_Chart_Check if the X axis months are sorted in ascending order, CallSequence=login, TestCaseID=SupplierInsight_TC85, Iteration=Iteration1, DataSheet=SupplierInsight_TestData, SuiteFileName=C:\Users\1034567\Documents\PowerBI_UIAutomation\test-data\ExecutionController.xlsx}, {RowNumber=557, Description=TC85_Supplier Score_Chart_Check if the X axis months are sorted in ascending order, CallSequence=gotoSupplierScore_Suppplier, TestCaseID=SupplierInsight_TC85, Iteration=Iteration1, DataSheet=SupplierInsight_TestData, SuiteFileName=C:\Users\1034567\Documents\PowerBI_UIAutomation\test-data\ExecutionController.xlsx}, {RowNumber=558, Description=TC85_Supplier Score_Chart_Check if the X axis months are sorted in ascending order, CallSequence=goto_HowIsTheItemSupplierScoreTrendingAcrossMonths_Supplier, TestCaseID=SupplierInsight_TC85, Iteration=Iteration1, DataSheet=SupplierInsight_TestData, SuiteFileName=C:\Users\1034567\Documents\PowerBI_UIAutomation\test-data\ExecutionController.xlsx}, {RowNumber=559, Description=TC85_Supplier Score_Chart_Check if the X axis months are sorted in ascending order, CallSequence=validateChartHasAscendingMonths_Suppplier, TestCaseID=SupplierInsight_TC85, Iteration=Iteration1, DataSheet=SupplierInsight_TestData, SuiteFileName=C:\Users\1034567\Documents\PowerBI_UIAutomation\test-data\ExecutionController.xlsx}]</td>
<td></td>
<td>44</td>
=======
<td title='testlogic.BaseTestNG.BaseTestNGExecutor()'><b>BaseTestNGExecutor</b><br>Test class: testlogic.BaseTestNG<br>Parameters: [{RowNumber=377, Description=TC27_Check if the chart represents unit movement across weeks, CallSequence=login, TestCaseID=SpacePlan_TC27, Iteration=Iteration1, DataSheet=SPlanning_Testdata, SuiteFileName=C:\Users\1034514\PowerBI_New\PowerBI_UIAutomation\test-data\ExecutionController.xlsx}, {RowNumber=378, Description=TC27_Check if the chart represents unit movement across weeks, CallSequence=verifymovementtab_Space, TestCaseID=SpacePlan_TC27, Iteration=Iteration1, DataSheet=SPlanning_Testdata, SuiteFileName=C:\Users\1034514\PowerBI_New\PowerBI_UIAutomation\test-data\ExecutionController.xlsx}]</td>
<td><div><pre>java.lang.AssertionError: null
	at org.testng.Assert.fail(Assert.java:99)
	at org.testng.Assert.fail(Assert.java:106)
	at testlogic.BaseTestNG.BaseTestNGExecutor(BaseTestNG.java:131)
	at java.base/jdk.internal.reflect.DirectMethodHandleAccessor.invoke(DirectMethodHandleAccessor.java:104)
	at java.base/java.lang.reflect.Method.invoke(Method.java:577)
	at org.testng.internal.MethodInvocationHelper.invokeMethod(MethodInvocationHelper.java:133)
	at org.testng.internal.TestInvoker.invokeMethod(TestInvoker.java:598)
	at org.testng.internal.TestInvoker.invokeTestMethod(TestInvoker.java:173)
	at org.testng.internal.MethodRunner.runInSequence(MethodRunner.java:46)
	at org.testng.internal.TestInvoker$MethodInvocationAgent.invoke(TestInvoker.java:824)
	at org.testng.internal.TestInvoker.invokeTestMethods(TestInvoker.java:146)
	at org.testng.internal.TestMethodWorker.invokeTestMethods(TestMethodWorker.java:146)
	at org.testng.internal.TestMethodWorker.run(TestMethodWorker.java:128)
	at java.base/java.util.ArrayList.forEach(ArrayList.java:1511)
	at org.testng.TestRunner.privateRun(TestRunner.java:794)
	at org.testng.TestRunner.run(TestRunner.java:596)
	at org.testng.SuiteRunner.runTest(SuiteRunner.java:377)
	at org.testng.SuiteRunner.runSequentially(SuiteRunner.java:371)
	at org.testng.SuiteRunner.privateRun(SuiteRunner.java:332)
	at org.testng.SuiteRunner.run(SuiteRunner.java:276)
	at org.testng.SuiteRunnerWorker.runSuite(SuiteRunnerWorker.java:53)
	at org.testng.SuiteRunnerWorker.run(SuiteRunnerWorker.java:96)
	at org.testng.TestNG.runSuitesSequentially(TestNG.java:1212)
	at org.testng.TestNG.runSuitesLocally(TestNG.java:1134)
	at org.testng.TestNG.runSuites(TestNG.java:1063)
	at org.testng.TestNG.run(TestNG.java:1031)
	at org.testng.remote.AbstractRemoteTestNG.run(AbstractRemoteTestNG.java:115)
	at org.testng.remote.RemoteTestNG.initAndRun(RemoteTestNG.java:251)
	at org.testng.remote.RemoteTestNG.main(RemoteTestNG.java:77)
</pre></div><a href='#' onClick='toggleBox("stack-trace2119713755", this, "Click to show all stack frames", "Click to hide stack frames")'>Click to show all stack frames</a>
<div class='stack-trace' id='stack-trace2119713755'><pre>java.lang.AssertionError: null
	at org.testng.Assert.fail(Assert.java:99)
	at org.testng.Assert.fail(Assert.java:106)
	at testlogic.BaseTestNG.BaseTestNGExecutor(BaseTestNG.java:131)
	at java.base/jdk.internal.reflect.DirectMethodHandleAccessor.invoke(DirectMethodHandleAccessor.java:104)
	at java.base/java.lang.reflect.Method.invoke(Method.java:577)
	at org.testng.internal.MethodInvocationHelper.invokeMethod(MethodInvocationHelper.java:133)
	at org.testng.internal.TestInvoker.invokeMethod(TestInvoker.java:598)
	at org.testng.internal.TestInvoker.invokeTestMethod(TestInvoker.java:173)
	at org.testng.internal.MethodRunner.runInSequence(MethodRunner.java:46)
	at org.testng.internal.TestInvoker$MethodInvocationAgent.invoke(TestInvoker.java:824)
	at org.testng.internal.TestInvoker.invokeTestMethods(TestInvoker.java:146)
	at org.testng.internal.TestMethodWorker.invokeTestMethods(TestMethodWorker.java:146)
	at org.testng.internal.TestMethodWorker.run(TestMethodWorker.java:128)
	at java.base/java.util.ArrayList.forEach(ArrayList.java:1511)
	at org.testng.TestRunner.privateRun(TestRunner.java:794)
	at org.testng.TestRunner.run(TestRunner.java:596)
	at org.testng.SuiteRunner.runTest(SuiteRunner.java:377)
	at org.testng.SuiteRunner.runSequentially(SuiteRunner.java:371)
	at org.testng.SuiteRunner.privateRun(SuiteRunner.java:332)
	at org.testng.SuiteRunner.run(SuiteRunner.java:276)
	at org.testng.SuiteRunnerWorker.runSuite(SuiteRunnerWorker.java:53)
	at org.testng.SuiteRunnerWorker.run(SuiteRunnerWorker.java:96)
	at org.testng.TestNG.runSuitesSequentially(TestNG.java:1212)
	at org.testng.TestNG.runSuitesLocally(TestNG.java:1134)
	at org.testng.TestNG.runSuites(TestNG.java:1063)
	at org.testng.TestNG.run(TestNG.java:1031)
	at org.testng.remote.AbstractRemoteTestNG.run(AbstractRemoteTestNG.java:115)
	at org.testng.remote.RemoteTestNG.initAndRun(RemoteTestNG.java:251)
	at org.testng.remote.RemoteTestNG.main(RemoteTestNG.java:77)
</pre></div></td>
<td>87</td>
<td>[BaseTestNG passed=0 failed=0 skipped=0]</td></tr>
<tr>
<td title='testlogic.BaseTestNG.BaseTestNGExecutor()'><b>BaseTestNGExecutor</b><br>Test class: testlogic.BaseTestNG<br>Parameters: [{RowNumber=374, Description=TC26_Check if the chart represents unit movement across weeks, CallSequence=login, TestCaseID=SpacePlan_TC26, Iteration=Iteration1, DataSheet=SPlanning_Testdata, SuiteFileName=C:\Users\1034514\PowerBI_New\PowerBI_UIAutomation\test-data\ExecutionController.xlsx}, {RowNumber=375, Description=TC26_Check if the chart represents unit movement across weeks, CallSequence=verifymovementtab_Space, TestCaseID=SpacePlan_TC26, Iteration=Iteration1, DataSheet=SPlanning_Testdata, SuiteFileName=C:\Users\1034514\PowerBI_New\PowerBI_UIAutomation\test-data\ExecutionController.xlsx}]</td>
<td><div><pre>java.lang.AssertionError: null
	at org.testng.Assert.fail(Assert.java:99)
	at org.testng.Assert.fail(Assert.java:106)
	at testlogic.BaseTestNG.BaseTestNGExecutor(BaseTestNG.java:131)
	at java.base/jdk.internal.reflect.DirectMethodHandleAccessor.invoke(DirectMethodHandleAccessor.java:104)
	at java.base/java.lang.reflect.Method.invoke(Method.java:577)
	at org.testng.internal.MethodInvocationHelper.invokeMethod(MethodInvocationHelper.java:133)
	at org.testng.internal.TestInvoker.invokeMethod(TestInvoker.java:598)
	at org.testng.internal.TestInvoker.invokeTestMethod(TestInvoker.java:173)
	at org.testng.internal.MethodRunner.runInSequence(MethodRunner.java:46)
	at org.testng.internal.TestInvoker$MethodInvocationAgent.invoke(TestInvoker.java:824)
	at org.testng.internal.TestInvoker.invokeTestMethods(TestInvoker.java:146)
	at org.testng.internal.TestMethodWorker.invokeTestMethods(TestMethodWorker.java:146)
	at org.testng.internal.TestMethodWorker.run(TestMethodWorker.java:128)
	at java.base/java.util.ArrayList.forEach(ArrayList.java:1511)
	at org.testng.TestRunner.privateRun(TestRunner.java:794)
	at org.testng.TestRunner.run(TestRunner.java:596)
	at org.testng.SuiteRunner.runTest(SuiteRunner.java:377)
	at org.testng.SuiteRunner.runSequentially(SuiteRunner.java:371)
	at org.testng.SuiteRunner.privateRun(SuiteRunner.java:332)
	at org.testng.SuiteRunner.run(SuiteRunner.java:276)
	at org.testng.SuiteRunnerWorker.runSuite(SuiteRunnerWorker.java:53)
	at org.testng.SuiteRunnerWorker.run(SuiteRunnerWorker.java:96)
	at org.testng.TestNG.runSuitesSequentially(TestNG.java:1212)
	at org.testng.TestNG.runSuitesLocally(TestNG.java:1134)
	at org.testng.TestNG.runSuites(TestNG.java:1063)
	at org.testng.TestNG.run(TestNG.java:1031)
	at org.testng.remote.AbstractRemoteTestNG.run(AbstractRemoteTestNG.java:115)
	at org.testng.remote.RemoteTestNG.initAndRun(RemoteTestNG.java:251)
	at org.testng.remote.RemoteTestNG.main(RemoteTestNG.java:77)
</pre></div><a href='#' onClick='toggleBox("stack-trace1066561773", this, "Click to show all stack frames", "Click to hide stack frames")'>Click to show all stack frames</a>
<div class='stack-trace' id='stack-trace1066561773'><pre>java.lang.AssertionError: null
	at org.testng.Assert.fail(Assert.java:99)
	at org.testng.Assert.fail(Assert.java:106)
	at testlogic.BaseTestNG.BaseTestNGExecutor(BaseTestNG.java:131)
	at java.base/jdk.internal.reflect.DirectMethodHandleAccessor.invoke(DirectMethodHandleAccessor.java:104)
	at java.base/java.lang.reflect.Method.invoke(Method.java:577)
	at org.testng.internal.MethodInvocationHelper.invokeMethod(MethodInvocationHelper.java:133)
	at org.testng.internal.TestInvoker.invokeMethod(TestInvoker.java:598)
	at org.testng.internal.TestInvoker.invokeTestMethod(TestInvoker.java:173)
	at org.testng.internal.MethodRunner.runInSequence(MethodRunner.java:46)
	at org.testng.internal.TestInvoker$MethodInvocationAgent.invoke(TestInvoker.java:824)
	at org.testng.internal.TestInvoker.invokeTestMethods(TestInvoker.java:146)
	at org.testng.internal.TestMethodWorker.invokeTestMethods(TestMethodWorker.java:146)
	at org.testng.internal.TestMethodWorker.run(TestMethodWorker.java:128)
	at java.base/java.util.ArrayList.forEach(ArrayList.java:1511)
	at org.testng.TestRunner.privateRun(TestRunner.java:794)
	at org.testng.TestRunner.run(TestRunner.java:596)
	at org.testng.SuiteRunner.runTest(SuiteRunner.java:377)
	at org.testng.SuiteRunner.runSequentially(SuiteRunner.java:371)
	at org.testng.SuiteRunner.privateRun(SuiteRunner.java:332)
	at org.testng.SuiteRunner.run(SuiteRunner.java:276)
	at org.testng.SuiteRunnerWorker.runSuite(SuiteRunnerWorker.java:53)
	at org.testng.SuiteRunnerWorker.run(SuiteRunnerWorker.java:96)
	at org.testng.TestNG.runSuitesSequentially(TestNG.java:1212)
	at org.testng.TestNG.runSuitesLocally(TestNG.java:1134)
	at org.testng.TestNG.runSuites(TestNG.java:1063)
	at org.testng.TestNG.run(TestNG.java:1031)
	at org.testng.remote.AbstractRemoteTestNG.run(AbstractRemoteTestNG.java:115)
	at org.testng.remote.RemoteTestNG.initAndRun(RemoteTestNG.java:251)
	at org.testng.remote.RemoteTestNG.main(RemoteTestNG.java:77)
</pre></div></td>
<td>64</td>
>>>>>>> b919795a66c20e6d87a3a7732d06e87b45586ef7
<td>[BaseTestNG passed=0 failed=0 skipped=0]</td></tr>
</table><p>
</body>
</html>