<!DOCTYPE html PUBLIC "-//W3C//DTD XHTML 1.1//EN" "https://www.w3.org/TR/xhtml11/DTD/xhtml11.dtd">
<html xmlns="https://www.w3.org/1999/xhtml">
<head>
<meta http-equiv="content-type" content="text/html; charset=UTF-8"/>
<title>TestNG Report</title>
<style type="text/css">table {margin-bottom:10px;border-collapse:collapse;empty-cells:show}th,td {border:1px solid #009;padding:.25em .5em}th {vertical-align:bottom}td {vertical-align:top}table a {font-weight:bold}.stripe td {background-color: #E6EBF9}.num {text-align:right}.passedodd td {background-color: #3F3}.passedeven td {background-color: #0A0}.skippedodd td {background-color: #DDD}.skippedeven td {background-color: #CCC}.failedodd td,.attn {background-color: #F33}.failedeven td,.stripe .attn {background-color: #D00}.stacktrace {white-space:pre;font-family:monospace}.totop {font-size:85%;text-align:center;border-bottom:2px solid #000}.invisible {display:none}</style>
</head>
<body>
<table>
<tr><th>Test</th><th># Passed</th><th># Skipped</th><th># Retried</th><th># Failed</th><th>Time (ms)</th><th>Included Groups</th><th>Excluded Groups</th></tr>
<tr><th colspan="8">Default suite</th></tr>
<<<<<<< HEAD
<tr><td><a href="#t0">Default test</a></td><td class="num">2</td><td class="num">0</td><td class="num">0</td><td class="num">0</td><td class="num">79,261</td><td></td><td></td></tr>
</table>
<table id='summary'><thead><tr><th>Class</th><th>Method</th><th>Start</th><th>Time (ms)</th></tr></thead><tbody><tr><th colspan="4">Default suite</th></tr></tbody><tbody id="t0"><tr><th colspan="4">Default test &#8212; passed</th></tr><tr class="passedeven"><td rowspan="2">testlogic.BaseTestNG</td><td><a href="#m0">BaseTestNGExecutor</a></td><td rowspan="2">1662043826891</td><td rowspan="2">31973</td></tr><tr class="passedeven"><td><a href="#m1">BaseTestNGExecutor</a></td></tr></tbody>
</table>
<h2>Default test</h2><h3 id="m0">testlogic.BaseTestNG#BaseTestNGExecutor</h3><table class="result"><tr class="param"><th>Parameter #1</th></tr><tr class="param stripe"><td>[{RowNumber=505, Description=TC74_Supplier Score_Chart_Check if the X axis months are sorted in ascending order, CallSequence=login, TestCaseID=SupplierInsight_TC74, Iteration=Iteration1, DataSheet=SupplierInsight_TestData, SuiteFileName=C:\Users\1034567\Documents\PowerBI_UIAutomation\test-data\ExecutionController.xlsx}, {RowNumber=506, Description=TC74_Supplier Score_Chart_Check if the X axis months are sorted in ascending order, CallSequence=gotoSupplierScore_Suppplier, TestCaseID=SupplierInsight_TC74, Iteration=Iteration1, DataSheet=SupplierInsight_TestData, SuiteFileName=C:\Users\1034567\Documents\PowerBI_UIAutomation\test-data\ExecutionController.xlsx}, {RowNumber=507, Description=TC74_Supplier Score_Chart_Check if the X axis months are sorted in ascending order, CallSequence=validateChartHasAscendingMonths_Suppplier, TestCaseID=SupplierInsight_TC74, Iteration=Iteration1, DataSheet=SupplierInsight_TestData, SuiteFileName=C:\Users\1034567\Documents\PowerBI_UIAutomation\test-data\ExecutionController.xlsx}]</td></tr></table><p class="totop"><a href="#summary">back to summary</a></p>
<h3 id="m1">testlogic.BaseTestNG#BaseTestNGExecutor</h3><table class="result"><tr class="param"><th>Parameter #1</th></tr><tr class="param stripe"><td>[{RowNumber=556, Description=TC85_Supplier Score_Chart_Check if the X axis months are sorted in ascending order, CallSequence=login, TestCaseID=SupplierInsight_TC85, Iteration=Iteration1, DataSheet=SupplierInsight_TestData, SuiteFileName=C:\Users\1034567\Documents\PowerBI_UIAutomation\test-data\ExecutionController.xlsx}, {RowNumber=557, Description=TC85_Supplier Score_Chart_Check if the X axis months are sorted in ascending order, CallSequence=gotoSupplierScore_Suppplier, TestCaseID=SupplierInsight_TC85, Iteration=Iteration1, DataSheet=SupplierInsight_TestData, SuiteFileName=C:\Users\1034567\Documents\PowerBI_UIAutomation\test-data\ExecutionController.xlsx}, {RowNumber=558, Description=TC85_Supplier Score_Chart_Check if the X axis months are sorted in ascending order, CallSequence=goto_HowIsTheItemSupplierScoreTrendingAcrossMonths_Supplier, TestCaseID=SupplierInsight_TC85, Iteration=Iteration1, DataSheet=SupplierInsight_TestData, SuiteFileName=C:\Users\1034567\Documents\PowerBI_UIAutomation\test-data\ExecutionController.xlsx}, {RowNumber=559, Description=TC85_Supplier Score_Chart_Check if the X axis months are sorted in ascending order, CallSequence=validateChartHasAscendingMonths_Suppplier, TestCaseID=SupplierInsight_TC85, Iteration=Iteration1, DataSheet=SupplierInsight_TestData, SuiteFileName=C:\Users\1034567\Documents\PowerBI_UIAutomation\test-data\ExecutionController.xlsx}]</td></tr></table><p class="totop"><a href="#summary">back to summary</a></p>
=======
<tr><td><a href="#t0">Default test</a></td><td class="num">0</td><td class="num">0</td><td class="num">0</td><td class="num attn">2</td><td class="num">154,600</td><td></td><td></td></tr>
</table>
<table id='summary'><thead><tr><th>Class</th><th>Method</th><th>Start</th><th>Time (ms)</th></tr></thead><tbody><tr><th colspan="4">Default suite</th></tr></tbody><tbody id="t0"><tr><th colspan="4">Default test &#8212; failed</th></tr><tr class="failedeven"><td rowspan="2">testlogic.BaseTestNG</td><td><a href="#m0">BaseTestNGExecutor</a></td><td rowspan="2">1662030911481</td><td rowspan="2">87974</td></tr><tr class="failedeven"><td><a href="#m1">BaseTestNGExecutor</a></td></tr></tbody>
</table>
<h2>Default test</h2><h3 id="m0">testlogic.BaseTestNG#BaseTestNGExecutor</h3><table class="result"><tr class="param"><th>Parameter #1</th></tr><tr class="param stripe"><td>[{RowNumber=377, Description=TC27_Check if the chart represents unit movement across weeks, CallSequence=login, TestCaseID=SpacePlan_TC27, Iteration=Iteration1, DataSheet=SPlanning_Testdata, SuiteFileName=C:\Users\1034514\PowerBI_New\PowerBI_UIAutomation\test-data\ExecutionController.xlsx}, {RowNumber=378, Description=TC27_Check if the chart represents unit movement across weeks, CallSequence=verifymovementtab_Space, TestCaseID=SpacePlan_TC27, Iteration=Iteration1, DataSheet=SPlanning_Testdata, SuiteFileName=C:\Users\1034514\PowerBI_New\PowerBI_UIAutomation\test-data\ExecutionController.xlsx}]</td></tr><tr><th>Exception</th></tr><tr><td><div class="stacktrace">java.lang.AssertionError: null
	at org.testng.Assert.fail(Assert.java:99)
	at org.testng.Assert.fail(Assert.java:106)
	at testlogic.BaseTestNG.BaseTestNGExecutor(BaseTestNG.java:131)
	at java.base/jdk.internal.reflect.DirectMethodHandleAccessor.invoke(DirectMethodHandleAccessor.java:104)
	at java.base/java.lang.reflect.Method.invoke(Method.java:577)
	at org.testng.internal.MethodInvocationHelper.invokeMethod(MethodInvocationHelper.java:133)
	at org.testng.internal.TestInvoker.invokeMethod(TestInvoker.java:598)
	at org.testng.internal.TestInvoker.invokeTestMethod(TestInvoker.java:173)
	at org.testng.internal.MethodRunner.runInSequence(MethodRunner.java:46)
	at org.testng.internal.TestInvoker$MethodInvocationAgent.invoke(TestInvoker.java:824)
	at org.testng.internal.TestInvoker.invokeTestMethods(TestInvoker.java:146)
	at org.testng.internal.TestMethodWorker.invokeTestMethods(TestMethodWorker.java:146)
	at org.testng.internal.TestMethodWorker.run(TestMethodWorker.java:128)
	at java.base/java.util.ArrayList.forEach(ArrayList.java:1511)
	at org.testng.TestRunner.privateRun(TestRunner.java:794)
	at org.testng.TestRunner.run(TestRunner.java:596)
	at org.testng.SuiteRunner.runTest(SuiteRunner.java:377)
	at org.testng.SuiteRunner.runSequentially(SuiteRunner.java:371)
	at org.testng.SuiteRunner.privateRun(SuiteRunner.java:332)
	at org.testng.SuiteRunner.run(SuiteRunner.java:276)
	at org.testng.SuiteRunnerWorker.runSuite(SuiteRunnerWorker.java:53)
	at org.testng.SuiteRunnerWorker.run(SuiteRunnerWorker.java:96)
	at org.testng.TestNG.runSuitesSequentially(TestNG.java:1212)
	at org.testng.TestNG.runSuitesLocally(TestNG.java:1134)
	at org.testng.TestNG.runSuites(TestNG.java:1063)
	at org.testng.TestNG.run(TestNG.java:1031)
	at org.testng.remote.AbstractRemoteTestNG.run(AbstractRemoteTestNG.java:115)
	at org.testng.remote.RemoteTestNG.initAndRun(RemoteTestNG.java:251)
	at org.testng.remote.RemoteTestNG.main(RemoteTestNG.java:77)
</div></td></tr></table><p class="totop"><a href="#summary">back to summary</a></p>
<h3 id="m1">testlogic.BaseTestNG#BaseTestNGExecutor</h3><table class="result"><tr class="param"><th>Parameter #1</th></tr><tr class="param stripe"><td>[{RowNumber=374, Description=TC26_Check if the chart represents unit movement across weeks, CallSequence=login, TestCaseID=SpacePlan_TC26, Iteration=Iteration1, DataSheet=SPlanning_Testdata, SuiteFileName=C:\Users\1034514\PowerBI_New\PowerBI_UIAutomation\test-data\ExecutionController.xlsx}, {RowNumber=375, Description=TC26_Check if the chart represents unit movement across weeks, CallSequence=verifymovementtab_Space, TestCaseID=SpacePlan_TC26, Iteration=Iteration1, DataSheet=SPlanning_Testdata, SuiteFileName=C:\Users\1034514\PowerBI_New\PowerBI_UIAutomation\test-data\ExecutionController.xlsx}]</td></tr><tr><th>Exception</th></tr><tr><td><div class="stacktrace">java.lang.AssertionError: null
	at org.testng.Assert.fail(Assert.java:99)
	at org.testng.Assert.fail(Assert.java:106)
	at testlogic.BaseTestNG.BaseTestNGExecutor(BaseTestNG.java:131)
	at java.base/jdk.internal.reflect.DirectMethodHandleAccessor.invoke(DirectMethodHandleAccessor.java:104)
	at java.base/java.lang.reflect.Method.invoke(Method.java:577)
	at org.testng.internal.MethodInvocationHelper.invokeMethod(MethodInvocationHelper.java:133)
	at org.testng.internal.TestInvoker.invokeMethod(TestInvoker.java:598)
	at org.testng.internal.TestInvoker.invokeTestMethod(TestInvoker.java:173)
	at org.testng.internal.MethodRunner.runInSequence(MethodRunner.java:46)
	at org.testng.internal.TestInvoker$MethodInvocationAgent.invoke(TestInvoker.java:824)
	at org.testng.internal.TestInvoker.invokeTestMethods(TestInvoker.java:146)
	at org.testng.internal.TestMethodWorker.invokeTestMethods(TestMethodWorker.java:146)
	at org.testng.internal.TestMethodWorker.run(TestMethodWorker.java:128)
	at java.base/java.util.ArrayList.forEach(ArrayList.java:1511)
	at org.testng.TestRunner.privateRun(TestRunner.java:794)
	at org.testng.TestRunner.run(TestRunner.java:596)
	at org.testng.SuiteRunner.runTest(SuiteRunner.java:377)
	at org.testng.SuiteRunner.runSequentially(SuiteRunner.java:371)
	at org.testng.SuiteRunner.privateRun(SuiteRunner.java:332)
	at org.testng.SuiteRunner.run(SuiteRunner.java:276)
	at org.testng.SuiteRunnerWorker.runSuite(SuiteRunnerWorker.java:53)
	at org.testng.SuiteRunnerWorker.run(SuiteRunnerWorker.java:96)
	at org.testng.TestNG.runSuitesSequentially(TestNG.java:1212)
	at org.testng.TestNG.runSuitesLocally(TestNG.java:1134)
	at org.testng.TestNG.runSuites(TestNG.java:1063)
	at org.testng.TestNG.run(TestNG.java:1031)
	at org.testng.remote.AbstractRemoteTestNG.run(AbstractRemoteTestNG.java:115)
	at org.testng.remote.RemoteTestNG.initAndRun(RemoteTestNG.java:251)
	at org.testng.remote.RemoteTestNG.main(RemoteTestNG.java:77)
</div></td></tr></table><p class="totop"><a href="#summary">back to summary</a></p>
>>>>>>> b919795a66c20e6d87a3a7732d06e87b45586ef7
</body>
</html>
